<?xml version="1.0" encoding="UTF-8"?>
<!-- Generated by org.testng.reporters.JUnitReportReporter -->
<testsuite skipped="0" hostname="DESKTOP-TCQRPAP" name="com.crm.test.TC_14_DeleteContact" tests="1" failures="0" timestamp="2021-02-01T12:45:21 IST" time="35.243" errors="0">
  <testcase name="deleteCustomer" time="35.243" classname="com.crm.test.TC_14_DeleteContact"/>
  <system-out/>
</testsuite> <!-- com.crm.test.TC_14_DeleteContact -->
