<?xml version="1.0" encoding="UTF-8"?>
<!-- Generated by org.testng.reporters.JUnitReportReporter -->
<testsuite skipped="0" hostname="DESKTOP-TCQRPAP" name="com.crm.test.TC_12_CreateContact" tests="1" failures="0" timestamp="2021-01-31T00:30:45 IST" time="29.532" errors="0">
  <testcase name="createCustomer" time="29.532" classname="com.crm.test.TC_12_CreateContact"/>
  <system-out/>
</testsuite> <!-- com.crm.test.TC_12_CreateContact -->
