<?xml version="1.0" encoding="UTF-8"?>
<!-- Generated by org.testng.reporters.JUnitReportReporter -->
<testsuite skipped="0" hostname="DESKTOP-TCQRPAP" name="com.crm.practice.BrowserStackSampleTest" tests="1" failures="0" timestamp="2021-02-03T21:37:37 IST" time="10.642" errors="0">
  <testcase name="seleniumgrid" time="10.642" classname="com.crm.practice.BrowserStackSampleTest"/>
  <system-out/>
</testsuite> <!-- com.crm.practice.BrowserStackSampleTest -->
