<?xml version="1.0" encoding="UTF-8"?>
<!-- Generated by org.testng.reporters.JUnitReportReporter -->
<testsuite skipped="0" hostname="DESKTOP-TCQRPAP" name="com.crm.test.TC_17_DuplicateContact" tests="1" failures="0" timestamp="2021-02-01T13:46:52 IST" time="78.987" errors="0">
  <testcase name="createDuplicateContact" time="78.987" classname="com.crm.test.TC_17_DuplicateContact"/>
  <system-out/>
</testsuite> <!-- com.crm.test.TC_17_DuplicateContact -->
