<?xml version="1.0" encoding="UTF-8"?>
<!-- Generated by org.testng.reporters.JUnitReportReporter -->
<testsuite skipped="0" hostname="DESKTOP-TCQRPAP" name="com.crm.practice.RemoteExecution" tests="1" failures="0" timestamp="2021-02-03T22:18:50 IST" time="11.403" errors="0">
  <testcase name="remoteExe" time="11.403" classname="com.crm.practice.RemoteExecution"/>
  <system-out/>
</testsuite> <!-- com.crm.practice.RemoteExecution -->
