<?xml version="1.0" encoding="UTF-8"?>
<!-- Generated by org.testng.reporters.JUnitReportReporter -->
<testsuite skipped="0" hostname="DESKTOP-TCQRPAP" name="com.crm.test.TC_15_EditContact" tests="1" failures="0" timestamp="2021-01-31T01:57:38 IST" time="25.758" errors="0">
  <testcase name="editCustomer" time="25.758" classname="com.crm.test.TC_15_EditContact"/>
  <system-out/>
</testsuite> <!-- com.crm.test.TC_15_EditContact -->
