<?xml version="1.0" encoding="UTF-8"?>
<!-- Generated by org.testng.reporters.JUnitReportReporter -->
<testsuite skipped="0" hostname="DESKTOP-TCQRPAP" name="com.crm.test.TC_16_ViewContact" tests="1" failures="0" timestamp="2021-01-31T02:12:20 IST" time="18.529" errors="0">
  <testcase name="viewContact" time="18.529" classname="com.crm.test.TC_16_ViewContact"/>
  <system-out/>
</testsuite> <!-- com.crm.test.TC_16_ViewContact -->
