<?xml version="1.0" encoding="UTF-8"?>
<!-- Generated by org.testng.reporters.JUnitReportReporter -->
<testsuite skipped="0" hostname="DESKTOP-TCQRPAP" name="com.crm.test.TC_13_DeleteContact" tests="1" failures="0" timestamp="2021-01-31T01:34:04 IST" time="22.176" errors="0">
  <testcase name="deleteCustomer" time="22.176" classname="com.crm.test.TC_13_DeleteContact"/>
  <system-out/>
</testsuite> <!-- com.crm.test.TC_13_DeleteContact -->
