<?xml version="1.0" encoding="UTF-8"?>
<!-- Generated by org.testng.reporters.JUnitReportReporter -->
<testsuite skipped="0" hostname="DESKTOP-TCQRPAP" name="com.crm.practice.BrowserStackWithDataProvider" tests="3" failures="0" timestamp="2021-02-03T21:48:50 IST" time="37.690" errors="0">
  <testcase name="runTheScript" time="12.497" classname="com.crm.practice.BrowserStackWithDataProvider"/>
  <system-out/>
  <testcase name="runTheScript" time="14.494" classname="com.crm.practice.BrowserStackWithDataProvider"/>
  <system-out/>
  <testcase name="runTheScript" time="10.699" classname="com.crm.practice.BrowserStackWithDataProvider"/>
  <system-out/>
</testsuite> <!-- com.crm.practice.BrowserStackWithDataProvider -->
