<?xml version="1.0" encoding="UTF-8"?>
<!-- Generated by org.testng.reporters.JUnitReportReporter -->
<testsuite skipped="0" hostname="DESKTOP-TCQRPAP" name="com.crm.practice.RemoteExeWithDataProvider" tests="2" failures="0" timestamp="2021-02-03T22:32:57 IST" time="44.671" errors="0">
  <testcase name="remoteExeTest" time="11.808" classname="com.crm.practice.RemoteExeWithDataProvider"/>
  <system-out/>
  <testcase name="remoteExeTest" time="32.863" classname="com.crm.practice.RemoteExeWithDataProvider"/>
  <system-out/>
</testsuite> <!-- com.crm.practice.RemoteExeWithDataProvider -->
